  Compiling CUDA source file cudarad.cu...
  
  C:\Users\Ryan\Dropbox\C++\RAD\code>"C:\Program Files\NVIDIA GPU Computing Toolkit\CUDA\v8.0\bin\nvcc.exe" -gencode=arch=compute_35,code=\"sm_35,compute_35\" --use-local-env --cl-version 2015 -ccbin "C:\Program Files (x86)\Microsoft Visual Studio 14.0\VC\bin\x86_amd64" -rdc=true -IC:\Users\Ryan\Dropbox\C++\RAD\code\include -I"C:\Program Files\NVIDIA GPU Computing Toolkit\CUDA\v8.0\include" -I"C:\Program Files\NVIDIA GPU Computing Toolkit\CUDA\v8.0\include" -I"C:\Program Files\NVIDIA GPU Computing Toolkit\CUDA\v8.0\include"     --keep-dir x64\Release -maxrregcount=0  --machine 64 --compile -cudart static     -D_MBCS -Xcompiler "/EHsc /W3 /nologo /O2 /FS /Zi  /MD " -o x64\Release\cudarad.cu.obj "C:\Users\Ryan\Dropbox\C++\RAD\code\cudarad.cu" 
C:\Users\Ryan\Dropbox\C++\RAD\code\include\gmtl/Matrix.h(590): warning : statement is unreachable
C:/Users/Ryan/Dropbox/C++/RAD/code/cudarad.cu(85): warning : function "make_points" was declared but never referenced
C:\Users\Ryan\Dropbox\C++\RAD\code\include\gmtl/Matrix.h(590): warning : statement is unreachable
C:/Users/Ryan/Dropbox/C++/RAD/code/cudarad.cu(85): warning : function "make_points" was declared but never referenced
  cudarad.cu
  
  C:\Users\Ryan\Dropbox\C++\RAD\code>"C:\Program Files\NVIDIA GPU Computing Toolkit\CUDA\v8.0\bin\nvcc.exe" -dlink -o x64\Release\418RAD.device-link.obj -Xcompiler "/EHsc /W3 /nologo /O2 /Zi  /MD " -L"C:\Program Files\NVIDIA GPU Computing Toolkit\CUDA\v8.0\lib\x64" cudadevrt.lib cudart.lib kernel32.lib user32.lib gdi32.lib winspool.lib comdlg32.lib advapi32.lib shell32.lib ole32.lib oleaut32.lib uuid.lib odbc32.lib odbccp32.lib  -gencode=arch=compute_35,code=sm_35  --machine 64 x64\Release\cudabsp.cu.obj x64\Release\cudarad.cu.obj 
  cudadevrt.lib
  cudart.lib
  kernel32.lib
  user32.lib
  gdi32.lib
  winspool.lib
  comdlg32.lib
  advapi32.lib
  shell32.lib
  ole32.lib
  oleaut32.lib
  uuid.lib
  odbc32.lib
  odbccp32.lib
  cudabsp.cu.obj
  cudarad.cu.obj
  Generating code
  59 of 3246 functions ( 1.8%) were compiled, the rest were copied from previous compilation.
    0 functions were new in current compilation
    4 functions had inline decision re-evaluated but remain unchanged
  Finished generating code
  418RAD.vcxproj -> C:\Users\Ryan\Dropbox\C++\RAD\code\x64\Release\418RAD.exe
  418RAD.vcxproj -> C:\Users\Ryan\Dropbox\C++\RAD\code\x64\Release\418RAD.pdb (Full PDB)
