


materialPath: D:\Steam\steamapps\common\Source SDK Base 2013 Singleplayer\BMS\materials
Loading C:\Users\Ryan\Dropbox\C++\RAD\code\vmf\ljm.vmf
ConVarRef mat_reduceparticles doesn't point to an existing ConVar
material "gasworks/fl_gasworks_tower_2_top" not found.
Material not found!: GASWORKS/FL_GASWORKS_TOWER_2_TOP
Could not locate 'GameData' key in d:\steam\steamapps\common\source sdk base 2013 singleplayer\bms\gameinfo.txt
fixing up env_cubemap materials on brush sides...
0...1...2...3...4...5...6...7...8...9...100...1...2...3...4...5...6...7...8...9...10Processing areas...done (0)
Building Faces...done (0)
Chop Details...done (1)
Find Visible Detail Sides...
Merged 2764 detail faces...done (1)
Merging details...done (0)
FixTjuncs...
PruneNodes...
WriteBSP...
done (0)
writing C:\Users\Ryan\Dropbox\C++\RAD\code\vmf\ljm.prt...Building visibility clusters...
done (0)
Creating default LDR cubemaps for env_cubemap using skybox materials:
   skybox/sky_day01_01*.vmt
 ! Run buildcubemaps in the engine to get the correct cube maps.
Creating default HDR cubemaps for env_cubemap using skybox materials:
   skybox/sky_day01_01*.vmt
 ! Run buildcubemaps in the engine to get the correct cube maps.
Finding displacement neighbors...
Finding lightmap sample positions...
Displacement Alpha : 0...1...2...3...4...5...6...7...8...9...10
Building Physics collision data...
done (0) (574156 bytes)
Placing detail props : 0...1...2...3...4...5...6...7...8...9...10
Compacting texture/material tables...
Reduced 4683 texinfos to 2192
Reduced 161 texdatas to 115 (6174 bytes to 4399)
Writing C:\Users\Ryan\Dropbox\C++\RAD\code\vmf\ljm.bsp
2 seconds elapsed



8 threads
reading c:\users\ryan\dropbox\c++\rad\code\vmf\ljm.bsp
reading c:\users\ryan\dropbox\c++\rad\code\vmf\ljm.prt
  43 portalclusters
  86 numportals
0...1...2...3...4...5...6...7...8...9...100...1...2...3...4...5...6...7...8...9...10Optimized: 0 visible clusters (0.00%)
Total clusters visible: 1253
Average clusters visible: 29
Building PAS...
Average clusters audible: 42
visdatasize:894  compressed from 688
writing c:\users\ryan\dropbox\c++\rad\code\vmf\ljm.bsp
0 seconds elapsed



materialPath: D:\Steam\steamapps\common\Source SDK Base 2013 Singleplayer\BMS\materials
Loading C:\Users\Ryan\Dropbox\C++\RAD\code\vmf\ljm.vmf
ConVarRef mat_reduceparticles doesn't point to an existing ConVar
material "gasworks/fl_gasworks_tower_2_top" not found.
Material not found!: GASWORKS/FL_GASWORKS_TOWER_2_TOP
Could not locate 'GameData' key in d:\steam\steamapps\common\source sdk base 2013 singleplayer\bms\gameinfo.txt
Patching WVT material: maps/ljm/nature/blend_caverock_wvt_patch
fixing up env_cubemap materials on brush sides...
0...1...2...3...4...5...6...7...8...9...100...1...2...3...4...5...6...7...8...9...10Processing areas...done (0)
Building Faces...done (0)
Chop Details...done (1)
Find Visible Detail Sides...
Merged 2764 detail faces...done (1)
Merging details...done (0)
FixTjuncs...
PruneNodes...
WriteBSP...
done (0)
writing C:\Users\Ryan\Dropbox\C++\RAD\code\vmf\ljm.prt...Building visibility clusters...
done (0)
Creating default LDR cubemaps for env_cubemap using skybox materials:
   skybox/sky_day01_01*.vmt
 ! Run buildcubemaps in the engine to get the correct cube maps.
Creating default HDR cubemaps for env_cubemap using skybox materials:
   skybox/sky_day01_01*.vmt
 ! Run buildcubemaps in the engine to get the correct cube maps.
Finding displacement neighbors...
Finding lightmap sample positions...
Displacement Alpha : 0...1...2...3...4...5...6...7...8...9...10
Building Physics collision data...
done (0) (574168 bytes)
Placing detail props : 0...1...2...3...4...5...6...7...8...9...10
Compacting texture/material tables...
Reduced 4687 texinfos to 2194
Reduced 163 texdatas to 116 (6237 bytes to 4440)
Writing C:\Users\Ryan\Dropbox\C++\RAD\code\vmf\ljm.bsp
2 seconds elapsed



8 threads
reading c:\users\ryan\dropbox\c++\rad\code\vmf\ljm.bsp
reading c:\users\ryan\dropbox\c++\rad\code\vmf\ljm.prt
  43 portalclusters
  86 numportals
0...1...2...3...4...5...6...7...8...9...100...1...2...3...4...5...6...7...8...9...10Optimized: 0 visible clusters (0.00%)
Total clusters visible: 1253
Average clusters visible: 29
Building PAS...
Average clusters audible: 42
visdatasize:894  compressed from 688
writing c:\users\ryan\dropbox\c++\rad\code\vmf\ljm.bsp
0 seconds elapsed



materialPath: D:\Steam\steamapps\common\Source SDK Base 2013 Singleplayer\BMS\materials
Loading C:\Users\Ryan\Dropbox\C++\RAD\code\vmf\ljm.vmf
ConVarRef mat_reduceparticles doesn't point to an existing ConVar
material "gasworks/fl_gasworks_tower_2_top" not found.
Material not found!: GASWORKS/FL_GASWORKS_TOWER_2_TOP
Could not locate 'GameData' key in d:\steam\steamapps\common\source sdk base 2013 singleplayer\bms\gameinfo.txt
Patching WVT material: maps/ljm/nature/blend_caverock_wvt_patch
fixing up env_cubemap materials on brush sides...
0...1...2...3...4...5...6...7...8...9...100...1...2...3...4...5...6...7...8...9...10Processing areas...done (0)
Building Faces...done (0)
Chop Details...done (0)
Find Visible Detail Sides...
Merged 2764 detail faces...done (1)
Merging details...done (0)
FixTjuncs...
PruneNodes...
WriteBSP...
done (0)
writing C:\Users\Ryan\Dropbox\C++\RAD\code\vmf\ljm.prt...Building visibility clusters...
done (0)
Creating default LDR cubemaps for env_cubemap using skybox materials:
   skybox/sky_day01_01*.vmt
 ! Run buildcubemaps in the engine to get the correct cube maps.
Creating default HDR cubemaps for env_cubemap using skybox materials:
   skybox/sky_day01_01*.vmt
 ! Run buildcubemaps in the engine to get the correct cube maps.
Finding displacement neighbors...
Finding lightmap sample positions...
Displacement Alpha : 0...1...2...3...4...5...6...7...8...9...10
Building Physics collision data...
done (0) (574168 bytes)
Placing detail props : 0...1...2...3...4...5...6...7...8...9...10
Compacting texture/material tables...
Reduced 4687 texinfos to 2194
Reduced 163 texdatas to 116 (6237 bytes to 4440)
Writing C:\Users\Ryan\Dropbox\C++\RAD\code\vmf\ljm.bsp
2 seconds elapsed



8 threads
reading c:\users\ryan\dropbox\c++\rad\code\vmf\ljm.bsp
reading c:\users\ryan\dropbox\c++\rad\code\vmf\ljm.prt
  43 portalclusters
  86 numportals
0...1...2...3...4...5...6...7...8...9...100...1...2...3...4...5...6...7...8...9...10Optimized: 0 visible clusters (0.00%)
Total clusters visible: 1253
Average clusters visible: 29
Building PAS...
Average clusters audible: 42
visdatasize:894  compressed from 688
writing c:\users\ryan\dropbox\c++\rad\code\vmf\ljm.bsp
0 seconds elapsed



materialPath: D:\Steam\steamapps\common\Source SDK Base 2013 Singleplayer\BMS\materials
Loading C:\Users\Ryan\Dropbox\C++\RAD\code\vmf\ljm.vmf
ConVarRef mat_reduceparticles doesn't point to an existing ConVar
material "gasworks/fl_gasworks_tower_2_top" not found.
Material not found!: GASWORKS/FL_GASWORKS_TOWER_2_TOP
Could not locate 'GameData' key in d:\steam\steamapps\common\source sdk base 2013 singleplayer\bms\gameinfo.txt
Patching WVT material: maps/ljm/nature/blend_caverock_wvt_patch
fixing up env_cubemap materials on brush sides...
0...1...2...3...4...5...6...7...8...9...100...1...2...3...4...5...6...7...8...9...10Processing areas...done (0)
Building Faces...done (0)
Chop Details...done (1)
Find Visible Detail Sides...
Merged 2758 detail faces...done (1)
Merging details...done (0)
FixTjuncs...
PruneNodes...
WriteBSP...
done (0)
writing C:\Users\Ryan\Dropbox\C++\RAD\code\vmf\ljm.prt...Building visibility clusters...
done (0)
Creating default LDR cubemaps for env_cubemap using skybox materials:
   skybox/sky_day01_01*.vmt
 ! Run buildcubemaps in the engine to get the correct cube maps.
Creating default HDR cubemaps for env_cubemap using skybox materials:
   skybox/sky_day01_01*.vmt
 ! Run buildcubemaps in the engine to get the correct cube maps.
Finding displacement neighbors...
Finding lightmap sample positions...
Displacement Alpha : 0...1...2...3...4...5...6...7...8...9...10
Building Physics collision data...
done (0) (567265 bytes)
Placing detail props : 0...1...2...3...4...5...6...7...8...9...10
Compacting texture/material tables...
Reduced 4636 texinfos to 2193
Reduced 161 texdatas to 115 (6202 bytes to 4424)
Writing C:\Users\Ryan\Dropbox\C++\RAD\code\vmf\ljm.bsp
2 seconds elapsed



8 threads
reading c:\users\ryan\dropbox\c++\rad\code\vmf\ljm.bsp
reading c:\users\ryan\dropbox\c++\rad\code\vmf\ljm.prt
  43 portalclusters
  86 numportals
0...1...2...3...4...5...6...7...8...9...100...1...2...3...4...5...6...7...8...9...10Optimized: 0 visible clusters (0.00%)
Total clusters visible: 1251
Average clusters visible: 29
Building PAS...
Average clusters audible: 42
visdatasize:894  compressed from 688
writing c:\users\ryan\dropbox\c++\rad\code\vmf\ljm.bsp
0 seconds elapsed



materialPath: D:\Steam\steamapps\common\Source SDK Base 2013 Singleplayer\BMS\materials
Loading C:\Users\Ryan\Dropbox\C++\RAD\code\vmf\ljm.vmf
ConVarRef mat_reduceparticles doesn't point to an existing ConVar
Could not locate 'GameData' key in d:\steam\steamapps\common\source sdk base 2013 singleplayer\bms\gameinfo.txt
Patching WVT material: maps/ljm/nature/blend_caverock_wvt_patch
fixing up env_cubemap materials on brush sides...
0...1...2...3...4...5...6...7...8...9...100...1...2...3...4...5...6...7...8...9...10Processing areas...done (0)
Building Faces...done (0)
Chop Details...done (0)
Find Visible Detail Sides...
Merged 2758 detail faces...done (0)
Merging details...done (0)
FixTjuncs...
PruneNodes...
WriteBSP...
done (1)
writing C:\Users\Ryan\Dropbox\C++\RAD\code\vmf\ljm.prt...Building visibility clusters...
done (0)
Creating default LDR cubemaps for env_cubemap using skybox materials:
   skybox/sky_day01_01*.vmt
 ! Run buildcubemaps in the engine to get the correct cube maps.
Creating default HDR cubemaps for env_cubemap using skybox materials:
   skybox/sky_day01_01*.vmt
 ! Run buildcubemaps in the engine to get the correct cube maps.
Finding displacement neighbors...
Finding lightmap sample positions...
Displacement Alpha : 0...1...2...3...4...5...6...7...8...9...10
Building Physics collision data...
done (0) (567218 bytes)
Placing detail props : 0...1...2...3...4...5...6...7...8...9...10
Compacting texture/material tables...
Reduced 4623 texinfos to 2193
Reduced 158 texdatas to 114 (6125 bytes to 4391)
Writing C:\Users\Ryan\Dropbox\C++\RAD\code\vmf\ljm.bsp
2 seconds elapsed



8 threads
reading c:\users\ryan\dropbox\c++\rad\code\vmf\ljm.bsp
reading c:\users\ryan\dropbox\c++\rad\code\vmf\ljm.prt
  41 portalclusters
  84 numportals
0...1...2...3...4...5...6...7...8...9...100...1...2...3...4...5...6...7...8...9...10Optimized: 0 visible clusters (0.00%)
Total clusters visible: 1167
Average clusters visible: 28
Building PAS...
Average clusters audible: 40
visdatasize:841  compressed from 656
writing c:\users\ryan\dropbox\c++\rad\code\vmf\ljm.bsp
0 seconds elapsed



materialPath: D:\Steam\steamapps\common\Source SDK Base 2013 Singleplayer\BMS\materials
Loading C:\Users\Ryan\Dropbox\C++\RAD\code\vmf\ljm.vmf
ConVarRef mat_reduceparticles doesn't point to an existing ConVar
Could not locate 'GameData' key in d:\steam\steamapps\common\source sdk base 2013 singleplayer\bms\gameinfo.txt
Patching WVT material: maps/ljm/nature/blend_caverock_wvt_patch
fixing up env_cubemap materials on brush sides...
0...1...2...3...4...5...6...7...8...9...100...1...2...3...4...5...6...7...8...9...10Processing areas...done (0)
Building Faces...done (0)
Chop Details...done (0)
Find Visible Detail Sides...
Merged 2758 detail faces...done (0)
Merging details...done (0)
FixTjuncs...
PruneNodes...
WriteBSP...
done (1)
writing C:\Users\Ryan\Dropbox\C++\RAD\code\vmf\ljm.prt...Building visibility clusters...
done (0)
Creating default LDR cubemaps for env_cubemap using skybox materials:
   skybox/sky_day01_01*.vmt
 ! Run buildcubemaps in the engine to get the correct cube maps.
Creating default HDR cubemaps for env_cubemap using skybox materials:
   skybox/sky_day01_01*.vmt
 ! Run buildcubemaps in the engine to get the correct cube maps.
Finding displacement neighbors...
Finding lightmap sample positions...
Displacement Alpha : 0...1...2...3...4...5...6...7...8...9...10
Building Physics collision data...
done (0) (564916 bytes)
Placing detail props : 0...1...2...3...4...5...6...7...8...9...10
Compacting texture/material tables...
Reduced 4605 texinfos to 2193
Reduced 158 texdatas to 114 (6152 bytes to 4419)
Writing C:\Users\Ryan\Dropbox\C++\RAD\code\vmf\ljm.bsp
2 seconds elapsed



8 threads
reading c:\users\ryan\dropbox\c++\rad\code\vmf\ljm.bsp
reading c:\users\ryan\dropbox\c++\rad\code\vmf\ljm.prt
  41 portalclusters
  84 numportals
0...1...2...3...4...5...6...7...8...9...100...1...2...3...4...5...6...7...8...9...10Optimized: 0 visible clusters (0.00%)
Total clusters visible: 1167
Average clusters visible: 28
Building PAS...
Average clusters audible: 40
visdatasize:841  compressed from 656
writing c:\users\ryan\dropbox\c++\rad\code\vmf\ljm.bsp
0 seconds elapsed



materialPath: D:\Steam\steamapps\common\Source SDK Base 2013 Singleplayer\BMS\materials
Loading C:\Users\Ryan\Dropbox\C++\RAD\code\vmf\ljm.vmf
ConVarRef mat_reduceparticles doesn't point to an existing ConVar
Could not locate 'GameData' key in d:\steam\steamapps\common\source sdk base 2013 singleplayer\bms\gameinfo.txt
Patching WVT material: maps/ljm/nature/blend_caverock_wvt_patch
fixing up env_cubemap materials on brush sides...
0...1...2...3...4...5...6...7...8...9...100...1...2...3...4...5...6...7...8...9...10Processing areas...done (0)
Building Faces...done (0)
Chop Details...done (0)
Find Visible Detail Sides...
Merged 2758 detail faces...done (0)
Merging details...done (0)
FixTjuncs...
PruneNodes...
WriteBSP...
done (1)
writing C:\Users\Ryan\Dropbox\C++\RAD\code\vmf\ljm.prt...Building visibility clusters...
done (0)
Creating default LDR cubemaps for env_cubemap using skybox materials:
   skybox/sky_day01_01*.vmt
 ! Run buildcubemaps in the engine to get the correct cube maps.
Creating default HDR cubemaps for env_cubemap using skybox materials:
   skybox/sky_day01_01*.vmt
 ! Run buildcubemaps in the engine to get the correct cube maps.
Finding displacement neighbors...
Finding lightmap sample positions...
Displacement Alpha : 0...1...2...3...4...5...6...7...8...9...10
Building Physics collision data...
done (0) (564916 bytes)
Placing detail props : 0...1...2...3...4...5...6...7...8...9...10
Compacting texture/material tables...
Reduced 4605 texinfos to 2193
Reduced 158 texdatas to 114 (6152 bytes to 4419)
Writing C:\Users\Ryan\Dropbox\C++\RAD\code\vmf\ljm.bsp
1 second elapsed



8 threads
reading c:\users\ryan\dropbox\c++\rad\code\vmf\ljm.bsp
reading c:\users\ryan\dropbox\c++\rad\code\vmf\ljm.prt
  41 portalclusters
  84 numportals
0...1...2...3...4...5...6...7...8...9...100...1...2...3...4...5...6...7...8...9...10Optimized: 0 visible clusters (0.00%)
Total clusters visible: 1167
Average clusters visible: 28
Building PAS...
Average clusters audible: 40
visdatasize:841  compressed from 656
writing c:\users\ryan\dropbox\c++\rad\code\vmf\ljm.bsp
0 seconds elapsed



materialPath: D:\Steam\steamapps\common\Source SDK Base 2013 Singleplayer\BMS\materials
Loading C:\Users\Ryan\Dropbox\C++\RAD\code\vmf\ljm.vmf
ConVarRef mat_reduceparticles doesn't point to an existing ConVar
Could not locate 'GameData' key in d:\steam\steamapps\common\source sdk base 2013 singleplayer\bms\gameinfo.txt
Patching WVT material: maps/ljm/nature/blend_caverock_wvt_patch
fixing up env_cubemap materials on brush sides...
0...1...2...3...4...5...6...7...8...9...100...1...2...3...4...5...6...7...8...9...10Processing areas...done (0)
Building Faces...done (0)
Chop Details...done (0)
Find Visible Detail Sides...
Merged 2758 detail faces...done (0)
Merging details...done (0)
FixTjuncs...
PruneNodes...
WriteBSP...
done (0)
writing C:\Users\Ryan\Dropbox\C++\RAD\code\vmf\ljm.prt...Building visibility clusters...
done (0)
Creating default LDR cubemaps for env_cubemap using skybox materials:
   skybox/sky_day01_01*.vmt
 ! Run buildcubemaps in the engine to get the correct cube maps.
Creating default HDR cubemaps for env_cubemap using skybox materials:
   skybox/sky_day01_01*.vmt
 ! Run buildcubemaps in the engine to get the correct cube maps.
Finding displacement neighbors...
Finding lightmap sample positions...
Displacement Alpha : 0...1...2...3...4...5...6...7...8...9...10
Building Physics collision data...
done (0) (564916 bytes)
Placing detail props : 0...1...2...3...4...5...6...7...8...9...10
Compacting texture/material tables...
Reduced 4605 texinfos to 2193
Reduced 158 texdatas to 114 (6152 bytes to 4419)
Writing C:\Users\Ryan\Dropbox\C++\RAD\code\vmf\ljm.bsp
1 second elapsed



8 threads
reading c:\users\ryan\dropbox\c++\rad\code\vmf\ljm.bsp
reading c:\users\ryan\dropbox\c++\rad\code\vmf\ljm.prt
  41 portalclusters
  84 numportals
0...1...2...3...4...5...6...7...8...9...100...1...2...3...4...5...6...7...8...9...10Optimized: 0 visible clusters (0.00%)
Total clusters visible: 1167
Average clusters visible: 28
Building PAS...
Average clusters audible: 40
visdatasize:841  compressed from 656
writing c:\users\ryan\dropbox\c++\rad\code\vmf\ljm.bsp
0 seconds elapsed



materialPath: D:\Steam\steamapps\common\Source SDK Base 2013 Singleplayer\BMS\materials
Loading C:\Users\Ryan\Dropbox\C++\RAD\code\vmf\ljm.vmf
ConVarRef mat_reduceparticles doesn't point to an existing ConVar
Could not locate 'GameData' key in d:\steam\steamapps\common\source sdk base 2013 singleplayer\bms\gameinfo.txt
fixing up env_cubemap materials on brush sides...
0...1...2...3...4...5...6...7...8...9...100...1...2...3...4...5...6...7...8...9...10Processing areas...done (0)
Building Faces...done (0)
Chop Details...done (0)
Find Visible Detail Sides...
Merged 2660 detail faces...done (0)
Merging details...done (0)
FixTjuncs...
PruneNodes...
WriteBSP...
done (0)
writing C:\Users\Ryan\Dropbox\C++\RAD\code\vmf\ljm.prt...Building visibility clusters...
done (0)
Creating default LDR cubemaps for env_cubemap using skybox materials:
   skybox/sky_day01_01*.vmt
 ! Run buildcubemaps in the engine to get the correct cube maps.
Creating default HDR cubemaps for env_cubemap using skybox materials:
   skybox/sky_day01_01*.vmt
 ! Run buildcubemaps in the engine to get the correct cube maps.
Finding displacement neighbors...
Finding lightmap sample positions...
Displacement Alpha : 0...1...2...3...4...5...6...7...8...9...10
Building Physics collision data...
done (1) (387630 bytes)
Static prop models/props_hc/hc_trans00a/truss_90x70.mdl outside the map (2176.00, -4600.00, 242.00)
Static prop models/props_hc/hc_trans00a/truss_90x70.mdl outside the map (2176.00, -4744.00, 242.00)
Static prop models/props_residue/c2a4a_console01.mdl outside the map (2176.00, -5056.00, 288.00)
Static prop models/props_residue/c2a4a_console01.mdl outside the map (2176.00, -4992.00, 288.00)
Static prop models/props_industrial/cagelight01.mdl outside the map (2176.00, -5024.00, 360.00)
Static prop models/props_generic/door_locked_01.mdl outside the map (2176.00, -5033.00, 694.00)
Static prop models/props_blackmesa/light_wall04.mdl outside the map (2176.00, -5056.00, 768.00)
Static prop models/props_hc/hc_t0a2a/truss_128x96.mdl outside the map (2176.00, -5104.00, 636.00)
Static prop models/props_hc/hc_t0a2a/truss_128x96.mdl outside the map (2176.00, -4944.00, 636.00)
Static prop models/props_industrial/cagelight01.mdl outside the map (2176.00, -4896.00, 752.00)
Placing detail props : 0...1...2...3...4...5...6...7...8...9...10
Compacting texture/material tables...
Reduced 3178 texinfos to 1496
Reduced 122 texdatas to 77 (4605 bytes to 2820)
Writing C:\Users\Ryan\Dropbox\C++\RAD\code\vmf\ljm.bsp
2 seconds elapsed



8 threads
reading c:\users\ryan\dropbox\c++\rad\code\vmf\ljm.bsp
reading c:\users\ryan\dropbox\c++\rad\code\vmf\ljm.prt
  27 portalclusters
  41 numportals
0...1...2...3...4...5...6...7...8...9...100...1...2...3...4...5...6...7...8...9...10Optimized: 0 visible clusters (0.00%)
Total clusters visible: 573
Average clusters visible: 21
Building PAS...
Average clusters audible: 27
visdatasize:444  compressed from 432
writing c:\users\ryan\dropbox\c++\rad\code\vmf\ljm.bsp
0 seconds elapsed



materialPath: D:\Steam\steamapps\common\Source SDK Base 2013 Singleplayer\BMS\materials
Loading C:\Users\Ryan\Dropbox\C++\RAD\code\vmf\ljm.vmf
ConVarRef mat_reduceparticles doesn't point to an existing ConVar
Could not locate 'GameData' key in d:\steam\steamapps\common\source sdk base 2013 singleplayer\bms\gameinfo.txt
fixing up env_cubemap materials on brush sides...
0...1...2...3...4...5...6...7...8...9...100...1...2...3...4...5...6...7...8...9...10Processing areas...done (0)
Building Faces...done (0)
Chop Details...done (0)
Find Visible Detail Sides...
Merged 2660 detail faces...done (1)
Merging details...done (0)
FixTjuncs...
PruneNodes...
WriteBSP...
done (0)
writing C:\Users\Ryan\Dropbox\C++\RAD\code\vmf\ljm.prt...Building visibility clusters...
done (0)
Creating default LDR cubemaps for env_cubemap using skybox materials:
   skybox/sky_day01_01*.vmt
 ! Run buildcubemaps in the engine to get the correct cube maps.
Creating default HDR cubemaps for env_cubemap using skybox materials:
   skybox/sky_day01_01*.vmt
 ! Run buildcubemaps in the engine to get the correct cube maps.
Finding displacement neighbors...
Finding lightmap sample positions...
Displacement Alpha : 0...1...2...3...4...5...6...7...8...9...10
Building Physics collision data...
done (0) (387630 bytes)
Static prop models/props_hc/hc_trans00a/truss_90x70.mdl outside the map (2176.00, -4600.00, 242.00)
Static prop models/props_hc/hc_trans00a/truss_90x70.mdl outside the map (2176.00, -4744.00, 242.00)
Static prop models/props_residue/c2a4a_console01.mdl outside the map (2176.00, -5056.00, 288.00)
Static prop models/props_residue/c2a4a_console01.mdl outside the map (2176.00, -4992.00, 288.00)
Static prop models/props_industrial/cagelight01.mdl outside the map (2176.00, -5024.00, 360.00)
Static prop models/props_generic/door_locked_01.mdl outside the map (2176.00, -5033.00, 694.00)
Static prop models/props_blackmesa/light_wall04.mdl outside the map (2176.00, -5056.00, 768.00)
Static prop models/props_hc/hc_t0a2a/truss_128x96.mdl outside the map (2176.00, -5104.00, 636.00)
Static prop models/props_hc/hc_t0a2a/truss_128x96.mdl outside the map (2176.00, -4944.00, 636.00)
Static prop models/props_industrial/cagelight01.mdl outside the map (2176.00, -4896.00, 752.00)
Placing detail props : 0...1...2...3...4...5...6...7...8...9...10
Compacting texture/material tables...
Reduced 3178 texinfos to 1496
Reduced 122 texdatas to 77 (4605 bytes to 2820)
Writing C:\Users\Ryan\Dropbox\C++\RAD\code\vmf\ljm.bsp
1 second elapsed



8 threads
reading c:\users\ryan\dropbox\c++\rad\code\vmf\ljm.bsp
reading c:\users\ryan\dropbox\c++\rad\code\vmf\ljm.prt
  27 portalclusters
  41 numportals
0...1...2...3...4...5...6...7...8...9...100...1...2...3...4...5...6...7...8...9...10Optimized: 0 visible clusters (0.00%)
Total clusters visible: 573
Average clusters visible: 21
Building PAS...
Average clusters audible: 27
visdatasize:444  compressed from 432
writing c:\users\ryan\dropbox\c++\rad\code\vmf\ljm.bsp
0 seconds elapsed



materialPath: D:\Steam\steamapps\common\Source SDK Base 2013 Singleplayer\BMS\materials
Loading C:\Users\Ryan\Dropbox\C++\RAD\code\vmf\ljm.vmf
ConVarRef mat_reduceparticles doesn't point to an existing ConVar
Could not locate 'GameData' key in d:\steam\steamapps\common\source sdk base 2013 singleplayer\bms\gameinfo.txt
fixing up env_cubemap materials on brush sides...
0...1...2...3...4...5...6...7...8...9...100...1...2...3...4...5...6...7...8...9...10Processing areas...done (0)
Building Faces...done (0)
Chop Details...done (0)
Find Visible Detail Sides...
Merged 2660 detail faces...done (0)
Merging details...done (1)
FixTjuncs...
PruneNodes...
WriteBSP...
done (0)
writing C:\Users\Ryan\Dropbox\C++\RAD\code\vmf\ljm.prt...Building visibility clusters...
done (0)
Creating default LDR cubemaps for env_cubemap using skybox materials:
   skybox/sky_day01_01*.vmt
 ! Run buildcubemaps in the engine to get the correct cube maps.
Creating default HDR cubemaps for env_cubemap using skybox materials:
   skybox/sky_day01_01*.vmt
 ! Run buildcubemaps in the engine to get the correct cube maps.
Finding displacement neighbors...
Finding lightmap sample positions...
Displacement Alpha : 0...1...2...3...4...5...6...7...8...9...10
Building Physics collision data...
done (0) (387630 bytes)
Static prop models/props_hc/hc_trans00a/truss_90x70.mdl outside the map (2176.00, -4600.00, 242.00)
Static prop models/props_hc/hc_trans00a/truss_90x70.mdl outside the map (2176.00, -4744.00, 242.00)
Static prop models/props_residue/c2a4a_console01.mdl outside the map (2176.00, -5056.00, 288.00)
Static prop models/props_residue/c2a4a_console01.mdl outside the map (2176.00, -4992.00, 288.00)
Static prop models/props_industrial/cagelight01.mdl outside the map (2176.00, -5024.00, 360.00)
Static prop models/props_generic/door_locked_01.mdl outside the map (2176.00, -5033.00, 694.00)
Static prop models/props_blackmesa/light_wall04.mdl outside the map (2176.00, -5056.00, 768.00)
Static prop models/props_hc/hc_t0a2a/truss_128x96.mdl outside the map (2176.00, -5104.00, 636.00)
Static prop models/props_hc/hc_t0a2a/truss_128x96.mdl outside the map (2176.00, -4944.00, 636.00)
Static prop models/props_industrial/cagelight01.mdl outside the map (2176.00, -4896.00, 752.00)
Placing detail props : 0...1...2...3...4...5...6...7...8...9...10
Compacting texture/material tables...
Reduced 3178 texinfos to 1496
Reduced 122 texdatas to 77 (4605 bytes to 2820)
Writing C:\Users\Ryan\Dropbox\C++\RAD\code\vmf\ljm.bsp
1 second elapsed



8 threads
reading c:\users\ryan\dropbox\c++\rad\code\vmf\ljm.bsp
reading c:\users\ryan\dropbox\c++\rad\code\vmf\ljm.prt
  27 portalclusters
  41 numportals
0...1...2...3...4...5...6...7...8...9...100...1...2...3...4...5...6...7...8...9...10Optimized: 0 visible clusters (0.00%)
Total clusters visible: 573
Average clusters visible: 21
Building PAS...
Average clusters audible: 27
visdatasize:444  compressed from 432
writing c:\users\ryan\dropbox\c++\rad\code\vmf\ljm.bsp
0 seconds elapsed



materialPath: D:\Steam\steamapps\common\Source SDK Base 2013 Singleplayer\BMS\materials
Loading C:\Users\Ryan\Dropbox\C++\RAD\code\vmf\ljm.vmf
ConVarRef mat_reduceparticles doesn't point to an existing ConVar
Could not locate 'GameData' key in d:\steam\steamapps\common\source sdk base 2013 singleplayer\bms\gameinfo.txt
fixing up env_cubemap materials on brush sides...
0...1...2...3...4...5...6...7...8...9...100...1...2...3...4...5...6...7...8...9...10Processing areas...done (0)
Building Faces...done (0)
Chop Details...done (0)
Find Visible Detail Sides...
Merged 2660 detail faces...done (0)
Merging details...done (0)
FixTjuncs...
PruneNodes...
WriteBSP...
done (0)
writing C:\Users\Ryan\Dropbox\C++\RAD\code\vmf\ljm.prt...Building visibility clusters...
done (0)
Creating default LDR cubemaps for env_cubemap using skybox materials:
   skybox/sky_day01_01*.vmt
 ! Run buildcubemaps in the engine to get the correct cube maps.
Creating default HDR cubemaps for env_cubemap using skybox materials:
   skybox/sky_day01_01*.vmt
 ! Run buildcubemaps in the engine to get the correct cube maps.
Finding displacement neighbors...
Finding lightmap sample positions...
Displacement Alpha : 0...1...2...3...4...5...6...7...8...9...10
Building Physics collision data...
done (0) (387630 bytes)
Static prop models/props_hc/hc_trans00a/truss_90x70.mdl outside the map (2176.00, -4600.00, 242.00)
Static prop models/props_hc/hc_trans00a/truss_90x70.mdl outside the map (2176.00, -4744.00, 242.00)
Static prop models/props_residue/c2a4a_console01.mdl outside the map (2176.00, -5056.00, 288.00)
Static prop models/props_residue/c2a4a_console01.mdl outside the map (2176.00, -4992.00, 288.00)
Static prop models/props_industrial/cagelight01.mdl outside the map (2176.00, -5024.00, 360.00)
Static prop models/props_generic/door_locked_01.mdl outside the map (2176.00, -5033.00, 694.00)
Static prop models/props_blackmesa/light_wall04.mdl outside the map (2176.00, -5056.00, 768.00)
Static prop models/props_hc/hc_t0a2a/truss_128x96.mdl outside the map (2176.00, -5104.00, 636.00)
Static prop models/props_hc/hc_t0a2a/truss_128x96.mdl outside the map (2176.00, -4944.00, 636.00)
Static prop models/props_industrial/cagelight01.mdl outside the map (2176.00, -4896.00, 752.00)
Placing detail props : 0...1...2...3...4...5...6...7...8...9...10
Compacting texture/material tables...
Reduced 3178 texinfos to 1496
Reduced 122 texdatas to 77 (4605 bytes to 2820)
Writing C:\Users\Ryan\Dropbox\C++\RAD\code\vmf\ljm.bsp
2 seconds elapsed



8 threads
reading c:\users\ryan\dropbox\c++\rad\code\vmf\ljm.bsp
reading c:\users\ryan\dropbox\c++\rad\code\vmf\ljm.prt
  27 portalclusters
  41 numportals
0...1...2...3...4...5...6...7...8...9...100...1...2...3...4...5...6...7...8...9...10Optimized: 0 visible clusters (0.00%)
Total clusters visible: 573
Average clusters visible: 21
Building PAS...
Average clusters audible: 27
visdatasize:444  compressed from 432
writing c:\users\ryan\dropbox\c++\rad\code\vmf\ljm.bsp
0 seconds elapsed



materialPath: D:\Steam\steamapps\common\Source SDK Base 2013 Singleplayer\BMS\materials
Loading C:\Users\Ryan\Dropbox\C++\RAD\code\vmf\ljm.vmf
ConVarRef mat_reduceparticles doesn't point to an existing ConVar
Could not locate 'GameData' key in d:\steam\steamapps\common\source sdk base 2013 singleplayer\bms\gameinfo.txt
Patching WVT material: maps/ljm/nature/blend_caverock_wvt_patch
fixing up env_cubemap materials on brush sides...
0...1...2...3...4...5...6...7...8...9...100...1...2...3...4...5...6...7...8...9...10Processing areas...done (0)
Building Faces...done (0)
Chop Details...done (0)
Find Visible Detail Sides...
Merged 2754 detail faces...done (1)
Merging details...done (0)
FixTjuncs...
PruneNodes...
WriteBSP...
done (0)
writing C:\Users\Ryan\Dropbox\C++\RAD\code\vmf\ljm.prt...Building visibility clusters...
done (0)
Creating default LDR cubemaps for env_cubemap using skybox materials:
   skybox/sky_day01_01*.vmt
 ! Run buildcubemaps in the engine to get the correct cube maps.
Creating default HDR cubemaps for env_cubemap using skybox materials:
   skybox/sky_day01_01*.vmt
 ! Run buildcubemaps in the engine to get the correct cube maps.
Finding displacement neighbors...
Finding lightmap sample positions...
Displacement Alpha : 0...1...2...3...4...5...6...7...8...9...10
Building Physics collision data...
done (0) (564916 bytes)
Placing detail props : 0...1...2...3...4...5...6...7...8...9...10
Compacting texture/material tables...
Reduced 4605 texinfos to 2193
Reduced 158 texdatas to 114 (6152 bytes to 4419)
Writing C:\Users\Ryan\Dropbox\C++\RAD\code\vmf\ljm.bsp
2 seconds elapsed



8 threads
reading c:\users\ryan\dropbox\c++\rad\code\vmf\ljm.bsp
reading c:\users\ryan\dropbox\c++\rad\code\vmf\ljm.prt
  41 portalclusters
  84 numportals
0...1...2...3...4...5...6...7...8...9...100...1...2...3...4...5...6...7...8...9...10Optimized: 0 visible clusters (0.00%)
Total clusters visible: 1167
Average clusters visible: 28
Building PAS...
Average clusters audible: 40
visdatasize:841  compressed from 656
writing c:\users\ryan\dropbox\c++\rad\code\vmf\ljm.bsp
0 seconds elapsed



materialPath: D:\Steam\steamapps\common\Source SDK Base 2013 Singleplayer\BMS\materials
Loading C:\Users\Ryan\Dropbox\C++\RAD\code\vmf\ljm.vmf
ConVarRef mat_reduceparticles doesn't point to an existing ConVar
Could not locate 'GameData' key in d:\steam\steamapps\common\source sdk base 2013 singleplayer\bms\gameinfo.txt
Patching WVT material: maps/ljm/nature/blend_caverock_wvt_patch
fixing up env_cubemap materials on brush sides...
0...1...2...3...4...5...6...7...8...9...100...1...2...3...4...5...6...7...8...9...10Processing areas...done (0)
Building Faces...done (0)
Chop Details...done (0)
Find Visible Detail Sides...
Merged 2754 detail faces...done (1)
Merging details...done (0)
FixTjuncs...
PruneNodes...
WriteBSP...
done (0)
writing C:\Users\Ryan\Dropbox\C++\RAD\code\vmf\ljm.prt...Building visibility clusters...
done (0)
Creating default LDR cubemaps for env_cubemap using skybox materials:
   skybox/sky_day01_01*.vmt
 ! Run buildcubemaps in the engine to get the correct cube maps.
Creating default HDR cubemaps for env_cubemap using skybox materials:
   skybox/sky_day01_01*.vmt
 ! Run buildcubemaps in the engine to get the correct cube maps.
Finding displacement neighbors...
Finding lightmap sample positions...
Displacement Alpha : 0...1...2...3...4...5...6...7...8...9...10
Building Physics collision data...
done (0) (565700 bytes)
Placing detail props : 0...1...2...3...4...5...6...7...8...9...10
Compacting texture/material tables...
Reduced 4615 texinfos to 2203
Reduced 158 texdatas to 114 (6152 bytes to 4419)
Writing C:\Users\Ryan\Dropbox\C++\RAD\code\vmf\ljm.bsp
2 seconds elapsed



8 threads
reading c:\users\ryan\dropbox\c++\rad\code\vmf\ljm.bsp
reading c:\users\ryan\dropbox\c++\rad\code\vmf\ljm.prt
  41 portalclusters
  84 numportals
0...1...2...3...4...5...6...7...8...9...100...1...2...3...4...5...6...7...8...9...10Optimized: 0 visible clusters (0.00%)
Total clusters visible: 1167
Average clusters visible: 28
Building PAS...
Average clusters audible: 40
visdatasize:841  compressed from 656
writing c:\users\ryan\dropbox\c++\rad\code\vmf\ljm.bsp
0 seconds elapsed



[Reading texlights from 'lights.rad']
[48 texlights parsed from 'lights.rad']

Loading c:\users\ryan\dropbox\c++\rad\code\vmf\ljm.bsp
4816 faces
8 degenerate faces
159203 square feet [22925334.00 square inches]
0 Displacements
0 Square Feet [0.00 Square Inches]
113 direct lights
0...1...2...3...4...5...6...7...8...9...10Build Patch/Sample Hash Table(s).....Done<0.0129 sec>
0...1...2...3...4...5...6...7...8...9...10FinalLightFace Done
0 of 0 (0% of) surface lights went in leaf ambient cubes.
0...1...2...3...4...5...6...7...8...9...10Writing leaf ambient...done
Ready to Finish

Object names       Objects/Maxobjs  Memory / Maxmem  Fullness 
------------       ---------------  ---------------  -------- 
models                   1/1024           48/49152    ( 0.1%) 
brushes               1528/8192        18336/98304    (18.7%) 
brushsides           15322/65536      122576/524288   (23.4%) 
planes                5846/65536      116920/1310720  ( 8.9%) 
vertexes              7988/65536       95856/786432   (12.2%) 
nodes                  142/65536        4544/2097152  ( 0.2%) 
texinfos              2203/12288      158616/884736   (17.9%) 
texdata                114/2048         3648/65536    ( 5.6%) 
dispinfos                0/0               0/0        ( 0.0%) 
disp_verts               0/0               0/0        ( 0.0%) 
disp_tris                0/0               0/0        ( 0.0%) 
disp_lmsamples           0/0               0/0        ( 0.0%) 
faces                 4816/65536      269696/3670016  ( 7.3%) 
hdr faces             4816/65536      269696/3670016  ( 7.3%) 
origfaces             3866/65536      216496/3670016  ( 5.9%) 
leaves                 144/65536        4608/2097152  ( 0.2%) 
leaffaces             5322/65536       10644/131072   ( 8.1%) 
leafbrushes           1854/65536        3708/131072   ( 2.8%) 
areas                    2/256            16/2048     ( 0.8%) 
surfedges            39940/512000     159760/2048000  ( 7.8%) 
edges                24129/256000      96516/1024000  ( 9.4%) 
LDR worldlights          0/8192            0/720896   ( 0.0%) 
HDR worldlights        113/8192         9944/720896   ( 1.4%) 
leafwaterdata            0/32768           0/393216   ( 0.0%) 
waterstrips            885/32768        8850/327680   ( 2.7%) 
waterverts               0/65536           0/786432   ( 0.0%) 
waterindices         17070/65536       34140/131072   (26.0%) 
cubemapsamples          37/1024          592/16384    ( 3.6%) 
overlays                58/512         20416/180224   (11.3%) 
LDR lightdata         [variable]           0/0        ( 0.0%) 
HDR lightdata         [variable]     6859344/0        ( 0.0%) 
visdata               [variable]         841/16777216 ( 0.0%) 
entdata               [variable]       92154/393216   (23.4%) 
LDR ambient table      144/65536         576/262144   ( 0.2%) 
HDR ambient table      144/65536         576/262144   ( 0.2%) 
LDR leaf ambient       144/65536        4032/1835008  ( 0.2%) 
HDR leaf ambient       477/65536       13356/1835008  ( 0.7%) 
occluders                0/0               0/0        ( 0.0%) 
occluder polygons        0/0               0/0        ( 0.0%) 
occluder vert ind        0/0               0/0        ( 0.0%) 
detail props          [variable]           1/12       ( 8.3%) 
static props          [variable]           1/33240    ( 0.0%) 
pakfile               [variable]     4039887/0        ( 0.0%) 
physics               [variable]      565700/4194304  (13.5%) 
physics terrain       [variable]           2/1048576  ( 0.0%) 

Level flags = 0

Total triangle count: 14662
Writing c:\users\ryan\dropbox\c++\rad\code\vmf\ljm.bsp
19 seconds elapsed



[Reading texlights from 'lights.rad']
[48 texlights parsed from 'lights.rad']

Loading c:\users\ryan\dropbox\c++\rad\code\vmf\ljm.bsp
4816 faces
8 degenerate faces
159203 square feet [22925334.00 square inches]
0 Displacements
0 Square Feet [0.00 Square Inches]
113 direct lights
0...1...2...3...4...5...6...7...8...9...10Build Patch/Sample Hash Table(s).....Done<0.0133 sec>
0...1...2...3...4...5...6...7...8...9...10FinalLightFace Done
0 of 0 (0% of) surface lights went in leaf ambient cubes.
0...1...2...3...4...5...6...7...8...9...10Writing leaf ambient...done
Ready to Finish

Object names       Objects/Maxobjs  Memory / Maxmem  Fullness 
------------       ---------------  ---------------  -------- 
models                   1/1024           48/49152    ( 0.1%) 
brushes               1528/8192        18336/98304    (18.7%) 
brushsides           15322/65536      122576/524288   (23.4%) 
planes                5846/65536      116920/1310720  ( 8.9%) 
vertexes              7988/65536       95856/786432   (12.2%) 
nodes                  142/65536        4544/2097152  ( 0.2%) 
texinfos              2203/12288      158616/884736   (17.9%) 
texdata                114/2048         3648/65536    ( 5.6%) 
dispinfos                0/0               0/0        ( 0.0%) 
disp_verts               0/0               0/0        ( 0.0%) 
disp_tris                0/0               0/0        ( 0.0%) 
disp_lmsamples           0/0               0/0        ( 0.0%) 
faces                 4816/65536      269696/3670016  ( 7.3%) 
hdr faces             4816/65536      269696/3670016  ( 7.3%) 
origfaces             3866/65536      216496/3670016  ( 5.9%) 
leaves                 144/65536        4608/2097152  ( 0.2%) 
leaffaces             5322/65536       10644/131072   ( 8.1%) 
leafbrushes           1854/65536        3708/131072   ( 2.8%) 
areas                    2/256            16/2048     ( 0.8%) 
surfedges            39940/512000     159760/2048000  ( 7.8%) 
edges                24129/256000      96516/1024000  ( 9.4%) 
LDR worldlights          0/8192            0/720896   ( 0.0%) 
HDR worldlights        113/8192         9944/720896   ( 1.4%) 
leafwaterdata            0/32768           0/393216   ( 0.0%) 
waterstrips            885/32768        8850/327680   ( 2.7%) 
waterverts               0/65536           0/786432   ( 0.0%) 
waterindices         17070/65536       34140/131072   (26.0%) 
cubemapsamples          37/1024          592/16384    ( 3.6%) 
overlays                58/512         20416/180224   (11.3%) 
LDR lightdata         [variable]           0/0        ( 0.0%) 
HDR lightdata         [variable]     6859344/0        ( 0.0%) 
visdata               [variable]         841/16777216 ( 0.0%) 
entdata               [variable]       92154/393216   (23.4%) 
LDR ambient table      144/65536         576/262144   ( 0.2%) 
HDR ambient table      144/65536         576/262144   ( 0.2%) 
LDR leaf ambient       144/65536        4032/1835008  ( 0.2%) 
HDR leaf ambient       477/65536       13356/1835008  ( 0.7%) 
occluders                0/0               0/0        ( 0.0%) 
occluder polygons        0/0               0/0        ( 0.0%) 
occluder vert ind        0/0               0/0        ( 0.0%) 
detail props          [variable]           1/12       ( 8.3%) 
static props          [variable]           1/33240    ( 0.0%) 
pakfile               [variable]     4039887/0        ( 0.0%) 
physics               [variable]      565700/4194304  (13.5%) 
physics terrain       [variable]           2/1048576  ( 0.0%) 

Level flags = 0

Total triangle count: 14662
Writing c:\users\ryan\dropbox\c++\rad\code\vmf\ljm.bsp
17 seconds elapsed



materialPath: D:\Steam\steamapps\common\Source SDK Base 2013 Singleplayer\BMS\materials
Loading C:\Users\Ryan\Dropbox\C++\RAD\code\vmf\ljm.vmf
ConVarRef mat_reduceparticles doesn't point to an existing ConVar
Could not locate 'GameData' key in d:\steam\steamapps\common\source sdk base 2013 singleplayer\bms\gameinfo.txt
Patching WVT material: maps/ljm/nature/blend_caverock_wvt_patch
fixing up env_cubemap materials on brush sides...
0...1...2...3...4...5...6...7...8...9...100...1...2...3...4...5...6...7...8...9...10Processing areas...done (0)
Building Faces...done (0)
Chop Details...done (0)
Find Visible Detail Sides...
Merged 2754 detail faces...done (0)
Merging details...done (0)
FixTjuncs...
PruneNodes...
WriteBSP...
done (0)
writing C:\Users\Ryan\Dropbox\C++\RAD\code\vmf\ljm.prt...Building visibility clusters...
done (0)
Creating default LDR cubemaps for env_cubemap using skybox materials:
   skybox/sky_day01_01*.vmt
 ! Run buildcubemaps in the engine to get the correct cube maps.
Creating default HDR cubemaps for env_cubemap using skybox materials:
   skybox/sky_day01_01*.vmt
 ! Run buildcubemaps in the engine to get the correct cube maps.
Finding displacement neighbors...
Finding lightmap sample positions...
Displacement Alpha : 0...1...2...3...4...5...6...7...8...9...10
Building Physics collision data...
done (0) (565700 bytes)
Placing detail props : 0...1...2...3...4...5...6...7...8...9...10
Compacting texture/material tables...
Reduced 4615 texinfos to 2203
Reduced 158 texdatas to 114 (6152 bytes to 4419)
Writing C:\Users\Ryan\Dropbox\C++\RAD\code\vmf\ljm.bsp
3 seconds elapsed



8 threads
reading c:\users\ryan\dropbox\c++\rad\code\vmf\ljm.bsp
reading c:\users\ryan\dropbox\c++\rad\code\vmf\ljm.prt
  41 portalclusters
  84 numportals
0...1...2...3...4...5...6...7...8...9...100...1...2...3...4...5...6...7...8...9...10Optimized: 0 visible clusters (0.00%)
Total clusters visible: 1167
Average clusters visible: 28
Building PAS...
Average clusters audible: 40
visdatasize:841  compressed from 656
writing c:\users\ryan\dropbox\c++\rad\code\vmf\ljm.bsp
0 seconds elapsed



materialPath: D:\Steam\steamapps\common\Source SDK Base 2013 Singleplayer\BMS\materials
Loading C:\Users\Ryan\Dropbox\C++\RAD\code\vmf\ljm.vmf
ConVarRef mat_reduceparticles doesn't point to an existing ConVar
Could not locate 'GameData' key in d:\steam\steamapps\common\source sdk base 2013 singleplayer\bms\gameinfo.txt
Patching WVT material: maps/ljm/nature/blend_caverock_wvt_patch
fixing up env_cubemap materials on brush sides...
0...1...2...3...4...5...6...7...8...9...100...1...2...3...4...5...6...7...8...9...10Processing areas...done (0)
Building Faces...done (0)
Chop Details...done (0)
Find Visible Detail Sides...
Merged 2754 detail faces...done (1)
Merging details...done (0)
FixTjuncs...
PruneNodes...
WriteBSP...
done (0)
writing C:\Users\Ryan\Dropbox\C++\RAD\code\vmf\ljm.prt...Building visibility clusters...
done (0)
Creating default LDR cubemaps for env_cubemap using skybox materials:
   skybox/sky_day01_01*.vmt
 ! Run buildcubemaps in the engine to get the correct cube maps.
Creating default HDR cubemaps for env_cubemap using skybox materials:
   skybox/sky_day01_01*.vmt
 ! Run buildcubemaps in the engine to get the correct cube maps.
Finding displacement neighbors...
Finding lightmap sample positions...
Displacement Alpha : 0...1...2...3...4...5...6...7...8...9...10
Building Physics collision data...
done (0) (565700 bytes)
Placing detail props : 0...1...2...3...4...5...6...7...8...9...10
Compacting texture/material tables...
Reduced 4615 texinfos to 2203
Reduced 158 texdatas to 114 (6152 bytes to 4419)
Writing C:\Users\Ryan\Dropbox\C++\RAD\code\vmf\ljm.bsp
2 seconds elapsed



8 threads
reading c:\users\ryan\dropbox\c++\rad\code\vmf\ljm.bsp
reading c:\users\ryan\dropbox\c++\rad\code\vmf\ljm.prt
  41 portalclusters
  84 numportals
0...1...2...3...4...5...6...7...8...9...100...1...2...3...4...5...6...7...8...9...10Optimized: 0 visible clusters (0.00%)
Total clusters visible: 1167
Average clusters visible: 28
Building PAS...
Average clusters audible: 40
visdatasize:841  compressed from 656
writing c:\users\ryan\dropbox\c++\rad\code\vmf\ljm.bsp
0 seconds elapsed
